FATAL [Thread-8] 2018-09-19 22:48:52,269 repast.simphony.ui.GUIScheduleRunner - RunTimeException when running the schedule
Current tick (1.0)
java.lang.RuntimeException: java.lang.reflect.InvocationTargetException
	at repast.simphony.engine.schedule.DynamicTargetAction.execute(DynamicTargetAction.java:72)
	at repast.simphony.engine.controller.ScheduledMethodControllerAction$ScheduleMethodAllAction.execute(ScheduledMethodControllerAction.java:333)
	at repast.simphony.engine.schedule.DefaultAction.execute(DefaultAction.java:38)
	at repast.simphony.engine.schedule.ScheduleGroup.executeList(ScheduleGroup.java:205)
	at repast.simphony.engine.schedule.ScheduleGroup.execute(ScheduleGroup.java:231)
	at repast.simphony.engine.schedule.Schedule.execute(Schedule.java:352)
	at repast.simphony.ui.GUIScheduleRunner$ScheduleLoopRunnable.run(GUIScheduleRunner.java:52)
	at java.lang.Thread.run(Unknown Source)
Caused by: java.lang.reflect.InvocationTargetException
	at User.User$$FastClassByCGLIB$$88ee740e.invoke(<generated>)
	at net.sf.cglib.reflect.FastMethod.invoke(FastMethod.java:53)
	at repast.simphony.engine.schedule.DynamicTargetAction.execute(DynamicTargetAction.java:69)
	... 7 more
Caused by: java.lang.IllegalArgumentException: At least one of these not in this graph: id: 4, id: 0
	at edu.uci.ics.jung.graph.AbstractGraph.isNeighbor(AbstractGraph.java:136)
	at repast.simphony.space.graph.JungNetwork.isAdjacent(JungNetwork.java:146)
	at repast.simphony.context.space.graph.ContextJungNetwork.isAdjacent(ContextJungNetwork.java:209)
	at User.User.chooseService(User.java:47)
	... 10 more
FATAL [Thread-8] 2018-09-19 22:59:48,615 repast.simphony.ui.GUIScheduleRunner - RunTimeException when running the schedule
Current tick (10.0)
java.lang.RuntimeException: java.lang.reflect.InvocationTargetException
	at repast.simphony.engine.schedule.DynamicTargetAction.execute(DynamicTargetAction.java:72)
	at repast.simphony.engine.controller.ScheduledMethodControllerAction$ScheduleMethodAllAction.execute(ScheduledMethodControllerAction.java:333)
	at repast.simphony.engine.schedule.DefaultAction.execute(DefaultAction.java:38)
	at repast.simphony.engine.schedule.ScheduleGroup.executeList(ScheduleGroup.java:205)
	at repast.simphony.engine.schedule.ScheduleGroup.execute(ScheduleGroup.java:231)
	at repast.simphony.engine.schedule.Schedule.execute(Schedule.java:352)
	at repast.simphony.ui.GUIScheduleRunner$ScheduleLoopRunnable.run(GUIScheduleRunner.java:52)
	at java.lang.Thread.run(Unknown Source)
Caused by: java.lang.reflect.InvocationTargetException
	at User.User$$FastClassByCGLIB$$88ee740e.invoke(<generated>)
	at net.sf.cglib.reflect.FastMethod.invoke(FastMethod.java:53)
	at repast.simphony.engine.schedule.DynamicTargetAction.execute(DynamicTargetAction.java:69)
	... 7 more
Caused by: java.lang.IllegalArgumentException: At least one of these not in this graph: id: 6, id: 0 score:2.2042857142857333
	at edu.uci.ics.jung.graph.AbstractGraph.isNeighbor(AbstractGraph.java:136)
	at repast.simphony.space.graph.JungNetwork.isAdjacent(JungNetwork.java:146)
	at repast.simphony.context.space.graph.ContextJungNetwork.isAdjacent(ContextJungNetwork.java:209)
	at User.User.chooseService(User.java:47)
	... 10 more
FATAL [Thread-7] 2018-09-20 10:33:28,408 repast.simphony.ui.GUIScheduleRunner - RunTimeException when running the schedule
Current tick (1123239.0)
java.lang.RuntimeException: java.lang.reflect.InvocationTargetException
	at repast.simphony.engine.schedule.DynamicTargetAction.execute(DynamicTargetAction.java:72)
	at repast.simphony.engine.controller.ScheduledMethodControllerAction$ScheduleMethodAllAction.execute(ScheduledMethodControllerAction.java:333)
	at repast.simphony.engine.schedule.DefaultAction.execute(DefaultAction.java:38)
	at repast.simphony.engine.schedule.ScheduleGroup.executeList(ScheduleGroup.java:205)
	at repast.simphony.engine.schedule.ScheduleGroup.execute(ScheduleGroup.java:231)
	at repast.simphony.engine.schedule.Schedule.execute(Schedule.java:352)
	at repast.simphony.ui.GUIScheduleRunner$ScheduleLoopRunnable.run(GUIScheduleRunner.java:52)
	at java.lang.Thread.run(Unknown Source)
Caused by: java.lang.reflect.InvocationTargetException
	at User.User$$FastClassByCGLIB$$88ee740e.invoke(<generated>)
	at net.sf.cglib.reflect.FastMethod.invoke(FastMethod.java:53)
	at repast.simphony.engine.schedule.DynamicTargetAction.execute(DynamicTargetAction.java:69)
	... 7 more
Caused by: java.lang.OutOfMemoryError: GC overhead limit exceeded
	at java.util.Arrays.copyOf(Unknown Source)
	at java.lang.AbstractStringBuilder.ensureCapacityInternal(Unknown Source)
	at java.lang.AbstractStringBuilder.append(Unknown Source)
	at java.lang.StringBuilder.append(Unknown Source)
	at sun.misc.FloatingDecimal$BinaryToASCIIBuffer.appendTo(Unknown Source)
	at sun.misc.FloatingDecimal.appendTo(Unknown Source)
	at java.lang.AbstractStringBuilder.append(Unknown Source)
	at java.lang.StringBuilder.append(Unknown Source)
	at Service.Service.toString(Service.java:14)
	at java.lang.String.valueOf(Unknown Source)
	at java.io.PrintStream.println(Unknown Source)
	at User.User.chooseService(User.java:51)
	... 10 more
FATAL [Thread-7] 2018-09-20 12:10:45,161 repast.simphony.ui.GUIScheduleRunner - RunTimeException when running the schedule
Current tick (1224809.0)
java.lang.RuntimeException: java.lang.reflect.InvocationTargetException
	at repast.simphony.engine.schedule.DynamicTargetAction.execute(DynamicTargetAction.java:72)
	at repast.simphony.engine.controller.ScheduledMethodControllerAction$ScheduleMethodAllAction.execute(ScheduledMethodControllerAction.java:333)
	at repast.simphony.engine.schedule.DefaultAction.execute(DefaultAction.java:38)
	at repast.simphony.engine.schedule.ScheduleGroup.executeList(ScheduleGroup.java:205)
	at repast.simphony.engine.schedule.ScheduleGroup.execute(ScheduleGroup.java:231)
	at repast.simphony.engine.schedule.Schedule.execute(Schedule.java:352)
	at repast.simphony.ui.GUIScheduleRunner$ScheduleLoopRunnable.run(GUIScheduleRunner.java:52)
	at java.lang.Thread.run(Unknown Source)
Caused by: java.lang.reflect.InvocationTargetException
	at User.User$$FastClassByCGLIB$$88ee740e.invoke(<generated>)
	at net.sf.cglib.reflect.FastMethod.invoke(FastMethod.java:53)
	at repast.simphony.engine.schedule.DynamicTargetAction.execute(DynamicTargetAction.java:69)
	... 7 more
Caused by: java.lang.OutOfMemoryError: GC overhead limit exceeded
	at java.util.LinkedHashMap.newNode(Unknown Source)
	at java.util.HashMap.putVal(Unknown Source)
	at java.util.HashMap.put(Unknown Source)
	at java.util.HashSet.add(Unknown Source)
	at edu.uci.ics.jung.graph.DirectedOrderedSparseMultigraph.getNeighbors(DirectedOrderedSparseMultigraph.java:97)
	at edu.uci.ics.jung.graph.AbstractGraph.isNeighbor(AbstractGraph.java:137)
	at repast.simphony.space.graph.JungNetwork.isAdjacent(JungNetwork.java:147)
	at repast.simphony.context.space.graph.ContextJungNetwork.isAdjacent(ContextJungNetwork.java:209)
	at User.User.chooseService(User.java:47)
	... 10 more
FATAL [Thread-7] 2018-09-21 10:15:55,201 repast.simphony.ui.GUIScheduleRunner - RunTimeException when running the schedule
Current tick (1112001.0)
java.lang.RuntimeException: java.lang.reflect.InvocationTargetException
	at repast.simphony.engine.schedule.DynamicTargetAction.execute(DynamicTargetAction.java:72)
	at repast.simphony.engine.controller.ScheduledMethodControllerAction$ScheduleMethodAllAction.execute(ScheduledMethodControllerAction.java:333)
	at repast.simphony.engine.schedule.DefaultAction.execute(DefaultAction.java:38)
	at repast.simphony.engine.schedule.ScheduleGroup.executeList(ScheduleGroup.java:205)
	at repast.simphony.engine.schedule.ScheduleGroup.execute(ScheduleGroup.java:231)
	at repast.simphony.engine.schedule.Schedule.execute(Schedule.java:352)
	at repast.simphony.ui.GUIScheduleRunner$ScheduleLoopRunnable.run(GUIScheduleRunner.java:52)
	at java.lang.Thread.run(Unknown Source)
Caused by: java.lang.reflect.InvocationTargetException
	at User.User$$FastClassByCGLIB$$88ee740e.invoke(<generated>)
	at net.sf.cglib.reflect.FastMethod.invoke(FastMethod.java:53)
	at repast.simphony.engine.schedule.DynamicTargetAction.execute(DynamicTargetAction.java:69)
	... 7 more
Caused by: java.lang.OutOfMemoryError: GC overhead limit exceeded
	at java.util.LinkedHashMap.newNode(Unknown Source)
	at java.util.HashMap.putVal(Unknown Source)
	at java.util.HashMap.put(Unknown Source)
	at java.util.HashSet.add(Unknown Source)
	at edu.uci.ics.jung.graph.DirectedOrderedSparseMultigraph.getNeighbors(DirectedOrderedSparseMultigraph.java:97)
	at edu.uci.ics.jung.graph.AbstractGraph.isNeighbor(AbstractGraph.java:137)
	at repast.simphony.space.graph.JungNetwork.isAdjacent(JungNetwork.java:147)
	at repast.simphony.context.space.graph.ContextJungNetwork.isAdjacent(ContextJungNetwork.java:209)
	at User.User.chooseService(User.java:47)
	... 10 more
FATAL [Thread-8] 2018-09-26 08:55:32,863 repast.simphony.ui.GUIScheduleRunner - RunTimeException when running the schedule
Current tick (1.0)
java.lang.RuntimeException: java.lang.reflect.InvocationTargetException
	at repast.simphony.engine.schedule.DynamicTargetAction.execute(DynamicTargetAction.java:72)
	at repast.simphony.engine.controller.ScheduledMethodControllerAction$ScheduleMethodAllAction.execute(ScheduledMethodControllerAction.java:333)
	at repast.simphony.engine.schedule.DefaultAction.execute(DefaultAction.java:38)
	at repast.simphony.engine.schedule.ScheduleGroup.executeList(ScheduleGroup.java:205)
	at repast.simphony.engine.schedule.ScheduleGroup.execute(ScheduleGroup.java:231)
	at repast.simphony.engine.schedule.Schedule.execute(Schedule.java:352)
	at repast.simphony.ui.GUIScheduleRunner$ScheduleLoopRunnable.run(GUIScheduleRunner.java:52)
	at java.lang.Thread.run(Unknown Source)
Caused by: java.lang.reflect.InvocationTargetException
	at User.User$$FastClassByCGLIB$$88ee740e.invoke(<generated>)
	at net.sf.cglib.reflect.FastMethod.invoke(FastMethod.java:53)
	at repast.simphony.engine.schedule.DynamicTargetAction.execute(DynamicTargetAction.java:69)
	... 7 more
Caused by: java.lang.IllegalArgumentException: At least one of these not in this graph: id: 142, id: 0 score:2.6668074531744725
	at edu.uci.ics.jung.graph.AbstractGraph.isNeighbor(AbstractGraph.java:136)
	at repast.simphony.space.graph.JungNetwork.isAdjacent(JungNetwork.java:146)
	at repast.simphony.context.space.graph.ContextJungNetwork.isAdjacent(ContextJungNetwork.java:209)
	at User.User.chooseService(User.java:47)
	... 10 more
FATAL [Thread-8] 2018-09-26 08:56:51,313 repast.simphony.ui.GUIScheduleRunner - RunTimeException when running the schedule
Current tick (1.0)
java.lang.RuntimeException: java.lang.reflect.InvocationTargetException
	at repast.simphony.engine.schedule.DynamicTargetAction.execute(DynamicTargetAction.java:72)
	at repast.simphony.engine.controller.ScheduledMethodControllerAction$ScheduleMethodAllAction.execute(ScheduledMethodControllerAction.java:333)
	at repast.simphony.engine.schedule.DefaultAction.execute(DefaultAction.java:38)
	at repast.simphony.engine.schedule.ScheduleGroup.executeList(ScheduleGroup.java:205)
	at repast.simphony.engine.schedule.ScheduleGroup.execute(ScheduleGroup.java:231)
	at repast.simphony.engine.schedule.Schedule.execute(Schedule.java:352)
	at repast.simphony.ui.GUIScheduleRunner$ScheduleLoopRunnable.run(GUIScheduleRunner.java:52)
	at java.lang.Thread.run(Unknown Source)
Caused by: java.lang.reflect.InvocationTargetException
	at User.User$$FastClassByCGLIB$$88ee740e.invoke(<generated>)
	at net.sf.cglib.reflect.FastMethod.invoke(FastMethod.java:53)
	at repast.simphony.engine.schedule.DynamicTargetAction.execute(DynamicTargetAction.java:69)
	... 7 more
Caused by: java.lang.IllegalArgumentException: At least one of these not in this graph: id: 112, id: 0 score:2.6233370224659778
	at edu.uci.ics.jung.graph.AbstractGraph.isNeighbor(AbstractGraph.java:136)
	at repast.simphony.space.graph.JungNetwork.isAdjacent(JungNetwork.java:146)
	at repast.simphony.context.space.graph.ContextJungNetwork.isAdjacent(ContextJungNetwork.java:209)
	at User.User.chooseService(User.java:47)
	... 10 more
FATAL [Thread-7] 2018-09-26 09:46:41,274 repast.simphony.ui.GUIScheduleRunner - RunTimeException when running the schedule
Current tick (1103445.0)
java.lang.RuntimeException: java.lang.reflect.InvocationTargetException
	at repast.simphony.engine.schedule.DynamicTargetAction.execute(DynamicTargetAction.java:72)
	at repast.simphony.engine.controller.ScheduledMethodControllerAction$ScheduleMethodAllAction.execute(ScheduledMethodControllerAction.java:333)
	at repast.simphony.engine.schedule.DefaultAction.execute(DefaultAction.java:38)
	at repast.simphony.engine.schedule.ScheduleGroup.executeList(ScheduleGroup.java:205)
	at repast.simphony.engine.schedule.ScheduleGroup.execute(ScheduleGroup.java:231)
	at repast.simphony.engine.schedule.Schedule.execute(Schedule.java:352)
	at repast.simphony.ui.GUIScheduleRunner$ScheduleLoopRunnable.run(GUIScheduleRunner.java:52)
	at java.lang.Thread.run(Unknown Source)
Caused by: java.lang.reflect.InvocationTargetException
	at User.User$$FastClassByCGLIB$$88ee740e.invoke(<generated>)
	at net.sf.cglib.reflect.FastMethod.invoke(FastMethod.java:53)
	at repast.simphony.engine.schedule.DynamicTargetAction.execute(DynamicTargetAction.java:69)
	... 7 more
Caused by: java.lang.OutOfMemoryError: GC overhead limit exceeded
	at java.util.LinkedHashMap.newNode(Unknown Source)
	at java.util.HashMap.putVal(Unknown Source)
	at java.util.HashMap.put(Unknown Source)
	at java.util.HashSet.add(Unknown Source)
	at edu.uci.ics.jung.graph.DirectedOrderedSparseMultigraph.getNeighbors(DirectedOrderedSparseMultigraph.java:97)
	at edu.uci.ics.jung.graph.AbstractGraph.isNeighbor(AbstractGraph.java:137)
	at repast.simphony.space.graph.JungNetwork.isAdjacent(JungNetwork.java:147)
	at repast.simphony.context.space.graph.ContextJungNetwork.isAdjacent(ContextJungNetwork.java:209)
	at User.User.chooseService(User.java:47)
	... 10 more
